<?xml version="1.0" encoding="UTF-8"?>
<!-- Generated by org.testng.reporters.JUnitReportReporter -->
<testsuite hostname="MacBook-Air.local" failures="0" tests="2" name="tests.JurisdictionOnboardingTest" time="20.532" errors="0" timestamp="2024-07-22T15:22:58 IST" skipped="0">
  <testcase classname="tests.JurisdictionOnboardingTest" name="testInitiateAuth" time="8.965"/>
  <testcase classname="tests.JurisdictionOnboardingTest" name="testAddOnboardingJurisdiction" time="11.567"/>
</testsuite> <!-- tests.JurisdictionOnboardingTest -->
